{"name": "test_chakandizhi[get]", "status": "failed", "statusDetails": {"message": "AssertionError: assert 'get' == ''\n  + get", "trace": "get_cookie = 'get'\n\n    @pytest.mark.parametrize(\"get_cookie\", casedate[0], indirect=True)\n    def test_chakandizhi(get_cookie):\n        cookie=get_cookie\n>       assert  cookie==''\nE       AssertionError: assert 'get' == ''\nE         + get\n\ncommon\\test_2.py:87: AssertionError"}, "parameters": [{"name": "get_cookie", "value": "'get'"}], "start": 1605850093534, "stop": 1605850093535, "uuid": "53b00239-d9ea-4659-8ee7-44a8d17c8efb", "historyId": "cd1cd4f41670eb13c433f20381b4ce16", "testCaseId": "1934459f1fdaca4feeaf70bd2c188d76", "fullName": "common.test_2#test_chakandizhi", "labels": [{"name": "parentSuite", "value": "common"}, {"name": "suite", "value": "test_2"}, {"name": "host", "value": "DESKTOP-EQA5M9D"}, {"name": "thread", "value": "22012-MainThread"}, {"name": "framework", "value": "pytest"}, {"name": "language", "value": "cpython3"}, {"name": "package", "value": "common.test_2"}]}