{"name": "test_chakandizhi[None]", "status": "failed", "statusDetails": {"message": "AssertionError: assert None == ''", "trace": "get_cookie = None\n\n    @pytest.mark.parametrize(\"get_cookie\", casedate[0], indirect=True)\n    def test_chakandizhi(get_cookie):\n        cookie=get_cookie\n>       assert  cookie==''\nE       AssertionError: assert None == ''\n\ncommon\\test_2.py:87: AssertionError"}, "parameters": [{"name": "get_cookie", "value": "None"}], "start": 1606560207686, "stop": 1606560207686, "uuid": "ed1b0c82-b12f-48fd-9ce0-a1d48eccc268", "historyId": "ee057c7252c810fe39533a01919188d8", "testCaseId": "1934459f1fdaca4feeaf70bd2c188d76", "fullName": "common.test_2#test_chakandizhi", "labels": [{"name": "parentSuite", "value": "common"}, {"name": "suite", "value": "test_2"}, {"name": "host", "value": "DESKTOP-EQA5M9D"}, {"name": "thread", "value": "6592-MainThread"}, {"name": "framework", "value": "pytest"}, {"name": "language", "value": "cpython3"}, {"name": "package", "value": "common.test_2"}]}