{"name": "test_getBuy[29-29-{'addressid':'2231220',\n'cartids':'17597753'}-30]", "status": "failed", "statusDetails": {"message": "AssertionError: assert -2 == 1\n +  where -2 = <test_case.test_order.TestOrder object at 0x046F2028>.resaddresscode", "trace": "self = <test_case.test_order.TestOrder object at 0x046F2028>, id = 29\napi_id = 29, params = \"{'addressid':'2231220',\\n'cartids':'17597753'}\"\nrowid = 30, loginssid = <common.login.login1 object at 0x04910040>\n\n    @pytest.mark.parametrize(\"id,api_id,params,rowid\",[casedate1[28]])\n    def test_getBuy(self,id,api_id,params,rowid,loginssid):\n        re = self.order.getBuy(eval(params),loginssid)\n        self.resaddresscode = re.json()[\"code\"]\n>       assert self.resaddresscode == 1\nE       assert -2 == 1\nE        +  where -2 = <test_case.test_order.TestOrder object at 0x046F2028>.resaddresscode\n\ntest_case\\test_order.py:18: AssertionError"}, "parameters": [{"name": "id", "value": "29"}, {"name": "api_id", "value": "29"}, {"name": "params", "value": "'{'addressid':'2231220',\n'cartids':'17597753'}'"}, {"name": "rowid", "value": "30"}], "start": 1605842264587, "stop": 1605842264822, "uuid": "22eb7304-10a3-496b-8282-063a5d54a253", "historyId": "cd3faaaaf3494874e0a4488554f5d962", "testCaseId": "68d6e9be2d73007a02b762d50d01919b", "fullName": "test_case.test_order.TestOrder#test_getBuy", "labels": [{"name": "parentSuite", "value": "test_case"}, {"name": "suite", "value": "test_order"}, {"name": "subSuite", "value": "TestOrder"}, {"name": "host", "value": "DESKTOP-EQA5M9D"}, {"name": "thread", "value": "22952-MainThread"}, {"name": "framework", "value": "pytest"}, {"name": "language", "value": "cpython3"}, {"name": "package", "value": "test_case.test_order"}]}