{"name": "test_chakandizhi[2]", "status": "failed", "statusDetails": {"message": "AssertionError: assert 2 == ''", "trace": "get_cookie = 2\n\n    @pytest.mark.parametrize(\"get_cookie\", casedate[0], indirect=True)\n    def test_chakandizhi(get_cookie):\n        cookie=get_cookie\n>       assert  cookie==''\nE       AssertionError: assert 2 == ''\n\ncommon\\test_2.py:87: AssertionError"}, "parameters": [{"name": "get_cookie", "value": "2"}], "start": 1605850093541, "stop": 1605850093541, "uuid": "e489c877-7c00-48ad-a202-3f954c6f6d8b", "historyId": "ba4161d436a17d88e70fec3b9237100f", "testCaseId": "1934459f1fdaca4feeaf70bd2c188d76", "fullName": "common.test_2#test_chakandizhi", "labels": [{"name": "parentSuite", "value": "common"}, {"name": "suite", "value": "test_2"}, {"name": "host", "value": "DESKTOP-EQA5M9D"}, {"name": "thread", "value": "22012-MainThread"}, {"name": "framework", "value": "pytest"}, {"name": "language", "value": "cpython3"}, {"name": "package", "value": "common.test_2"}]}