{"name": "test_orderDetail[32-32-{'orderno':'C2011181104128819'}-33]", "status": "failed", "statusDetails": {"message": "AssertionError: assert -1 == 1\n +  where -1 = <test_case.test_order.TestOrder object at 0x0519A808>.resaddresscode", "trace": "self = <test_case.test_order.TestOrder object at 0x0519A808>, id = 32\napi_id = 32, params = \"{'orderno':'C2011181104128819'}\", rowid = 33\nloginssid = <common.login.login1 object at 0x051233A0>\n\n    @pytest.mark.parametrize(\"id,api_id,params,rowid\",[casedate1[31]])\n    def test_orderDetail(self,id,api_id,params,rowid,loginssid):\n        re = self.order.orderDetail(eval(params),loginssid)\n        self.resaddresscode = re.json()[\"code\"]\n>       assert self.resaddresscode == 1\nE       assert -1 == 1\nE        +  where -1 = <test_case.test_order.TestOrder object at 0x0519A808>.resaddresscode\n\ntest_case\\test_order.py:33: AssertionError"}, "parameters": [{"name": "id", "value": "32"}, {"name": "api_id", "value": "32"}, {"name": "params", "value": "'{'orderno':'C2011181104128819'}'"}, {"name": "rowid", "value": "33"}], "start": 1605836389896, "stop": 1605836390098, "uuid": "01f89636-e92e-464d-82f9-cf037473765b", "historyId": "f72e0ec6d2f2678e62e59f7613b71ae1", "testCaseId": "35ad96b46396224439735f2d1d2a06dc", "fullName": "test_case.test_order.TestOrder#test_orderDetail", "labels": [{"name": "parentSuite", "value": "test_case"}, {"name": "suite", "value": "test_order"}, {"name": "subSuite", "value": "TestOrder"}, {"name": "host", "value": "DESKTOP-EQA5M9D"}, {"name": "thread", "value": "9036-MainThread"}, {"name": "framework", "value": "pytest"}, {"name": "language", "value": "cpython3"}, {"name": "package", "value": "test_case.test_order"}]}