{"name": "test_chakandizhi[{\"code\":1}]", "status": "failed", "statusDetails": {"message": "AssertionError: assert '{\"code\":1}' == ''\n  + {\"code\":1}", "trace": "get_cookie = '{\"code\":1}'\n\n    @pytest.mark.parametrize(\"get_cookie\", casedate[0], indirect=True)\n    def test_chakandizhi(get_cookie):\n        cookie=get_cookie\n>       assert  cookie==''\nE       assert '{\"code\":1}' == ''\nE         + {\"code\":1}\n\ncommon\\test_2.py:87: AssertionError"}, "parameters": [{"name": "get_cookie", "value": "'{\"code\":1}'"}], "start": 1606560207709, "stop": 1606560207709, "uuid": "2a602a0c-ee89-4667-875a-7967372e5b65", "historyId": "84713dfed272802b196799e9550115e7", "testCaseId": "1934459f1fdaca4feeaf70bd2c188d76", "fullName": "common.test_2#test_chakandizhi", "labels": [{"name": "parentSuite", "value": "common"}, {"name": "suite", "value": "test_2"}, {"name": "host", "value": "DESKTOP-EQA5M9D"}, {"name": "thread", "value": "6592-MainThread"}, {"name": "framework", "value": "pytest"}, {"name": "language", "value": "cpython3"}, {"name": "package", "value": "common.test_2"}]}