{"name": "test_chakandizhi[1]", "status": "failed", "statusDetails": {"message": "AssertionError: assert 1 == ''", "trace": "get_cookie = 1\n\n    @pytest.mark.parametrize(\"get_cookie\", casedate[0], indirect=True)\n    def test_chakandizhi(get_cookie):\n        cookie=get_cookie\n>       assert  cookie==''\nE       AssertionError: assert 1 == ''\n\ncommon\\test_2.py:87: AssertionError"}, "parameters": [{"name": "get_cookie", "value": "1"}], "start": 1605858878339, "stop": 1605858878339, "uuid": "4fabc5ed-8a31-4d8d-b5d8-5d4d4cf38e6a", "historyId": "1a4f01e5b6a3b64c449e459f21291b10", "testCaseId": "1934459f1fdaca4feeaf70bd2c188d76", "fullName": "common.test_2#test_chakandizhi", "labels": [{"name": "parentSuite", "value": "common"}, {"name": "suite", "value": "test_2"}, {"name": "host", "value": "DESKTOP-EQA5M9D"}, {"name": "thread", "value": "14276-MainThread"}, {"name": "framework", "value": "pytest"}, {"name": "language", "value": "cpython3"}, {"name": "package", "value": "common.test_2"}]}