{
  "uid" : "93a8f149f19e9e28",
  "name" : "test_chakandizhi[1]",
  "fullName" : "common.test_2#test_chakandizhi",
  "historyId" : "1a4f01e5b6a3b64c449e459f21291b10",
  "time" : {
    "start" : 1605858878339,
    "stop" : 1605858878339,
    "duration" : 0
  },
  "status" : "failed",
  "statusMessage" : "AssertionError: assert 1 == ''",
  "statusTrace" : "get_cookie = 1\n\n    @pytest.mark.parametrize(\"get_cookie\", casedate[0], indirect=True)\n    def test_chakandizhi(get_cookie):\n        cookie=get_cookie\n>       assert  cookie==''\nE       AssertionError: assert 1 == ''\n\ncommon\\test_2.py:87: AssertionError",
  "flaky" : false,
  "newFailed" : false,
  "beforeStages" : [ {
    "name" : "get_cookie",
    "time" : {
      "start" : 1605858878339,
      "stop" : 1605858878339,
      "duration" : 0
    },
    "status" : "passed",
    "steps" : [ ],
    "attachments" : [ ],
    "parameters" : [ ],
    "attachmentsCount" : 0,
    "shouldDisplayMessage" : false,
    "stepsCount" : 0,
    "hasContent" : false
  } ],
  "afterStages" : [ ],
  "labels" : [ {
    "name" : "parentSuite",
    "value" : "common"
  }, {
    "name" : "suite",
    "value" : "test_2"
  }, {
    "name" : "host",
    "value" : "DESKTOP-EQA5M9D"
  }, {
    "name" : "thread",
    "value" : "14276-MainThread"
  }, {
    "name" : "framework",
    "value" : "pytest"
  }, {
    "name" : "language",
    "value" : "cpython3"
  }, {
    "name" : "package",
    "value" : "common.test_2"
  }, {
    "name" : "resultFormat",
    "value" : "allure2"
  } ],
  "parameters" : [ {
    "name" : "get_cookie",
    "value" : "1"
  } ],
  "links" : [ ],
  "hidden" : false,
  "retry" : false,
  "extra" : {
    "severity" : "normal",
    "retries" : [ {
      "uid" : "c5c5dc75a719111e",
      "status" : "failed",
      "statusDetails" : "AssertionError: assert 1 == ''",
      "time" : {
        "start" : 1605850093275,
        "stop" : 1605850093275,
        "duration" : 0
      }
    }, {
      "uid" : "4924e0328993cc73",
      "status" : "failed",
      "statusDetails" : "AssertionError: assert 1 == ''",
      "time" : {
        "start" : 1605842247875,
        "stop" : 1605842247875,
        "duration" : 0
      }
    }, {
      "uid" : "6bfda2bbf20d0332",
      "status" : "failed",
      "statusDetails" : "AssertionError: assert 1 == ''",
      "time" : {
        "start" : 1605836367948,
        "stop" : 1605836367948,
        "duration" : 0
      }
    } ],
    "categories" : [ {
      "name" : "Product defects",
      "matchedStatuses" : [ ],
      "flaky" : false
    } ],
    "tags" : [ ]
  },
  "source" : "93a8f149f19e9e28.json",
  "parameterValues" : [ "1" ]
}