{
  "uid" : "947f91f7e4533b5f",
  "name" : "订单结算页",
  "fullName" : "test_case.test_order.TestOrder#test_getBuy",
  "historyId" : "cd3faaaaf3494874e0a4488554f5d962",
  "time" : {
    "start" : 1606560226701,
    "stop" : 1606560226902,
    "duration" : 201
  },
  "status" : "failed",
  "statusMessage" : "AssertionError: assert -2 == 1\n +  where -2 = <test_case.test_order.TestOrder object at 0x04DED148>.resaddresscode",
  "statusTrace" : "self = <test_case.test_order.TestOrder object at 0x04DED148>, id = 29\napi_id = 29, params = \"{'addressid':'2231220',\\n'cartids':'17597753'}\"\nrowid = 30, loginssid = <common.login.login1 object at 0x04D92100>\n\n    @allure.step(\"订单结算页\")\n    @allure.title(\"订单结算页\")\n    @pytest.mark.parametrize(\"id,api_id,params,rowid\",[casedate1[28]])\n    def test_getBuy(self,id,api_id,params,rowid,loginssid):\n        re = self.order.getBuy(eval(params),loginssid)\n        self.resaddresscode = re.json()[\"code\"]\n>       assert self.resaddresscode == 1\nE       assert -2 == 1\nE        +  where -2 = <test_case.test_order.TestOrder object at 0x04DED148>.resaddresscode\n\ntest_case\\test_order.py:26: AssertionError",
  "flaky" : false,
  "newFailed" : false,
  "beforeStages" : [ {
    "name" : "_Class__pytest_setup_class",
    "time" : {
      "start" : 1606560226701,
      "stop" : 1606560226701,
      "duration" : 0
    },
    "status" : "passed",
    "steps" : [ ],
    "attachments" : [ ],
    "parameters" : [ ],
    "shouldDisplayMessage" : false,
    "attachmentsCount" : 0,
    "stepsCount" : 0,
    "hasContent" : false
  }, {
    "name" : "loginssid",
    "time" : {
      "start" : 1606560226701,
      "stop" : 1606560226701,
      "duration" : 0
    },
    "status" : "passed",
    "steps" : [ ],
    "attachments" : [ ],
    "parameters" : [ ],
    "shouldDisplayMessage" : false,
    "attachmentsCount" : 0,
    "stepsCount" : 0,
    "hasContent" : false
  } ],
  "testStage" : {
    "status" : "failed",
    "statusMessage" : "AssertionError: assert -2 == 1\n +  where -2 = <test_case.test_order.TestOrder object at 0x04DED148>.resaddresscode",
    "statusTrace" : "self = <test_case.test_order.TestOrder object at 0x04DED148>, id = 29\napi_id = 29, params = \"{'addressid':'2231220',\\n'cartids':'17597753'}\"\nrowid = 30, loginssid = <common.login.login1 object at 0x04D92100>\n\n    @allure.step(\"订单结算页\")\n    @allure.title(\"订单结算页\")\n    @pytest.mark.parametrize(\"id,api_id,params,rowid\",[casedate1[28]])\n    def test_getBuy(self,id,api_id,params,rowid,loginssid):\n        re = self.order.getBuy(eval(params),loginssid)\n        self.resaddresscode = re.json()[\"code\"]\n>       assert self.resaddresscode == 1\nE       assert -2 == 1\nE        +  where -2 = <test_case.test_order.TestOrder object at 0x04DED148>.resaddresscode\n\ntest_case\\test_order.py:26: AssertionError",
    "steps" : [ {
      "name" : "订单结算页",
      "time" : {
        "start" : 1606560226702,
        "stop" : 1606560226902,
        "duration" : 200
      },
      "status" : "failed",
      "statusMessage" : "AssertionError: assert -2 == 1\n +  where -2 = <test_case.test_order.TestOrder object at 0x04DED148>.resaddresscode\n",
      "statusTrace" : "  File \"C:\\Users\\Administrator\\AppData\\Local\\Programs\\Python\\Python38-32\\lib\\site-packages\\allure_commons\\_allure.py\", line 157, in impl\n    return func(*a, **kw)\n  File \"E:\\pythonbijia\\test_case\\test_order.py\", line 26, in test_getBuy\n    assert self.resaddresscode == 1\n",
      "steps" : [ ],
      "attachments" : [ ],
      "parameters" : [ {
        "name" : "id",
        "value" : "29"
      }, {
        "name" : "api_id",
        "value" : "29"
      }, {
        "name" : "params",
        "value" : "'{'addressid':'2231220',\n'cartids':'17597753'}'"
      }, {
        "name" : "rowid",
        "value" : "30"
      }, {
        "name" : "loginssid",
        "value" : "<common.login.login1 object at 0x04D92100>"
      } ],
      "shouldDisplayMessage" : true,
      "attachmentsCount" : 0,
      "stepsCount" : 0,
      "hasContent" : true
    } ],
    "attachments" : [ ],
    "parameters" : [ ],
    "shouldDisplayMessage" : true,
    "attachmentsCount" : 0,
    "stepsCount" : 1,
    "hasContent" : true
  },
  "afterStages" : [ {
    "name" : "_Class__pytest_setup_class::0",
    "time" : {
      "start" : 1606560228155,
      "stop" : 1606560228155,
      "duration" : 0
    },
    "status" : "passed",
    "steps" : [ ],
    "attachments" : [ ],
    "parameters" : [ ],
    "shouldDisplayMessage" : false,
    "attachmentsCount" : 0,
    "stepsCount" : 0,
    "hasContent" : false
  } ],
  "labels" : [ {
    "name" : "feature",
    "value" : "订单模块"
  }, {
    "name" : "epic",
    "value" : "药房网APP"
  }, {
    "name" : "parentSuite",
    "value" : "test_case"
  }, {
    "name" : "suite",
    "value" : "test_order"
  }, {
    "name" : "subSuite",
    "value" : "TestOrder"
  }, {
    "name" : "host",
    "value" : "DESKTOP-EQA5M9D"
  }, {
    "name" : "thread",
    "value" : "6592-MainThread"
  }, {
    "name" : "framework",
    "value" : "pytest"
  }, {
    "name" : "language",
    "value" : "cpython3"
  }, {
    "name" : "package",
    "value" : "test_case.test_order"
  }, {
    "name" : "resultFormat",
    "value" : "allure2"
  } ],
  "parameters" : [ {
    "name" : "api_id",
    "value" : "29"
  }, {
    "name" : "id",
    "value" : "29"
  }, {
    "name" : "params",
    "value" : "'{'addressid':'2231220',\n'cartids':'17597753'}'"
  }, {
    "name" : "rowid",
    "value" : "30"
  } ],
  "links" : [ ],
  "hidden" : false,
  "retry" : false,
  "extra" : {
    "severity" : "normal",
    "retries" : [ {
      "uid" : "627206926d634268",
      "status" : "failed",
      "statusDetails" : "AssertionError: assert -2 == 1\n +  where -2 = <test_case.test_order.TestOrder object at 0x04A49AD8>.resaddresscode",
      "time" : {
        "start" : 1605858894778,
        "stop" : 1605858895017,
        "duration" : 239
      }
    }, {
      "uid" : "ecc746ef5852a773",
      "status" : "failed",
      "statusDetails" : "AssertionError: assert -2 == 1\n +  where -2 = <test_case.test_order.TestOrder object at 0x052665C8>.resaddresscode",
      "time" : {
        "start" : 1605850108766,
        "stop" : 1605850109065,
        "duration" : 299
      }
    }, {
      "uid" : "c4b5016ee8b6a30",
      "status" : "failed",
      "statusDetails" : "AssertionError: assert -2 == 1\n +  where -2 = <test_case.test_order.TestOrder object at 0x046F2028>.resaddresscode",
      "time" : {
        "start" : 1605842264587,
        "stop" : 1605842264822,
        "duration" : 235
      }
    }, {
      "uid" : "7f74cf5a679b2108",
      "status" : "failed",
      "statusDetails" : "AssertionError: assert -2 == 1\n +  where -2 = <test_case.test_order.TestOrder object at 0x0519AE80>.resaddresscode",
      "time" : {
        "start" : 1605836389508,
        "stop" : 1605836389721,
        "duration" : 213
      }
    } ],
    "categories" : [ {
      "name" : "Product defects",
      "matchedStatuses" : [ ],
      "flaky" : false
    } ],
    "tags" : [ ]
  },
  "source" : "947f91f7e4533b5f.json",
  "parameterValues" : [ "29", "29", "'{'addressid':'2231220',\n'cartids':'17597753'}'", "30" ]
}