{
  "uid" : "daffdd61ef4abf1a",
  "name" : "test_chakandizhi[None]",
  "fullName" : "common.test_2#test_chakandizhi",
  "historyId" : "ee057c7252c810fe39533a01919188d8",
  "time" : {
    "start" : 1605858878576,
    "stop" : 1605858878576,
    "duration" : 0
  },
  "status" : "failed",
  "statusMessage" : "AssertionError: assert None == ''",
  "statusTrace" : "get_cookie = None\n\n    @pytest.mark.parametrize(\"get_cookie\", casedate[0], indirect=True)\n    def test_chakandizhi(get_cookie):\n        cookie=get_cookie\n>       assert  cookie==''\nE       AssertionError: assert None == ''\n\ncommon\\test_2.py:87: AssertionError",
  "flaky" : false,
  "newFailed" : false,
  "beforeStages" : [ {
    "name" : "get_cookie",
    "time" : {
      "start" : 1605858878576,
      "stop" : 1605858878576,
      "duration" : 0
    },
    "status" : "passed",
    "steps" : [ ],
    "attachments" : [ ],
    "parameters" : [ ],
    "attachmentsCount" : 0,
    "shouldDisplayMessage" : false,
    "stepsCount" : 0,
    "hasContent" : false
  } ],
  "afterStages" : [ ],
  "labels" : [ {
    "name" : "parentSuite",
    "value" : "common"
  }, {
    "name" : "suite",
    "value" : "test_2"
  }, {
    "name" : "host",
    "value" : "DESKTOP-EQA5M9D"
  }, {
    "name" : "thread",
    "value" : "14276-MainThread"
  }, {
    "name" : "framework",
    "value" : "pytest"
  }, {
    "name" : "language",
    "value" : "cpython3"
  }, {
    "name" : "package",
    "value" : "common.test_2"
  }, {
    "name" : "resultFormat",
    "value" : "allure2"
  } ],
  "parameters" : [ {
    "name" : "get_cookie",
    "value" : "None"
  } ],
  "links" : [ ],
  "hidden" : false,
  "retry" : false,
  "extra" : {
    "severity" : "normal",
    "retries" : [ {
      "uid" : "3311b7ffdca36e0a",
      "status" : "failed",
      "statusDetails" : "AssertionError: assert None == ''",
      "time" : {
        "start" : 1605850093520,
        "stop" : 1605850093521,
        "duration" : 1
      }
    }, {
      "uid" : "77ac76333fb46917",
      "status" : "failed",
      "statusDetails" : "AssertionError: assert None == ''",
      "time" : {
        "start" : 1605842248110,
        "stop" : 1605842248110,
        "duration" : 0
      }
    }, {
      "uid" : "26357d2d2142bd44",
      "status" : "failed",
      "statusDetails" : "AssertionError: assert None == ''",
      "time" : {
        "start" : 1605836368190,
        "stop" : 1605836368190,
        "duration" : 0
      }
    } ],
    "categories" : [ {
      "name" : "Product defects",
      "matchedStatuses" : [ ],
      "flaky" : false
    } ],
    "tags" : [ ]
  },
  "source" : "daffdd61ef4abf1a.json",
  "parameterValues" : [ "None" ]
}